<?xml version="1.0" encoding="UTF-8"?>
<testsuite xmlns:xsi="http://www.w3.org/2001/XMLSchema-instance" xsi:noNamespaceSchemaLocation="https://maven.apache.org/surefire/maven-surefire-plugin/xsd/surefire-test-report-3.0.xsd" version="3.0" name="com.cloudDemo.test.RedisTest" time="2.635" tests="6" errors="0" skipped="0" failures="0">
  <properties>
[...]
</properties>
  <testcase name="testRedisConnectionAndPerformance" classname="com.cloudDemo.test.RedisTest" time="1.002">
    <system-out><![CDATA[09:42:00.814 [main] INFO org.springframework.test.context.support.AnnotationConfigContextLoaderUtils -- Could not detect default configuration classes for test class [com.cloudDemo.test.RedisTest]: RedisTest does not declare any static, non-private, non-final, nested classes annotated with @Configuration.
09:42:00.872 [main] INFO org.springframework.boot.test.context.SpringBootTestContextBootstrapper -- Found @SpringBootConfiguration com.cloudDemo.TestApplication for test class com.cloudDemo.test.RedisTest

  .   ____          _            __ _ _
 /\\ / ___'_ __ _ _(_)_ __  __ _ \ \ \ \
( ( )\___ | '_ | '_| | '_ \/ _` | \ \ \ \
 \\/  ___)| |_)| | | | | || (_| |  ) ) ) )
  '  |____| .__|_| |_|_| |_\__, | / / / /
 =========|_|==============|___/=/_/_/_/

 :: Spring Boot ::                (v3.3.4)

2025-07-04T09:42:01.128+08:00  INFO 26980 --- [           main] com.cloudDemo.test.RedisTest             : Starting RedisTest using Java 17.0.12 with PID 26980 (started by 黄院彪 in D:\WorkSpace\IDEA\cloudDemo\services\test)
2025-07-04T09:42:01.129+08:00  INFO 26980 --- [           main] com.cloudDemo.test.RedisTest             : No active profile set, falling back to 1 default profile: "default"
2025-07-04T09:42:01.396+08:00  INFO 26980 --- [           main] .s.d.r.c.RepositoryConfigurationDelegate : Multiple Spring Data modules found, entering strict repository configuration mode
2025-07-04T09:42:01.397+08:00  INFO 26980 --- [           main] .s.d.r.c.RepositoryConfigurationDelegate : Bootstrapping Spring Data Redis repositories in DEFAULT mode.
2025-07-04T09:42:01.413+08:00  INFO 26980 --- [           main] .s.d.r.c.RepositoryConfigurationDelegate : Finished Spring Data repository scanning in 4 ms. Found 0 Redis repository interfaces.
2025-07-04T09:42:01.518+08:00  INFO 26980 --- [           main] .s.d.r.c.RepositoryConfigurationDelegate : Multiple Spring Data modules found, entering strict repository configuration mode
2025-07-04T09:42:01.518+08:00  INFO 26980 --- [           main] .s.d.r.c.RepositoryConfigurationDelegate : Bootstrapping Spring Data Redis repositories in DEFAULT mode.
2025-07-04T09:42:01.525+08:00  INFO 26980 --- [           main] .s.d.r.c.RepositoryConfigurationDelegate : Finished Spring Data repository scanning in 6 ms. Found 0 Redis repository interfaces.
2025-07-04T09:42:02.282+08:00  INFO 26980 --- [           main] com.cloudDemo.test.RedisTest             : Started RedisTest in 1.311 seconds (process running for 1.842)
批量操作测试通过，耗时: 389 ms
]]></system-out>
  </testcase>
  <testcase name="testRedisWithExpiration" classname="com.cloudDemo.test.RedisTest" time="0.005">
    <system-out><![CDATA[过期时间测试: 键存在，过期时间为 5 秒
]]></system-out>
  </testcase>
  <testcase name="testRedisKeyOperations" classname="com.cloudDemo.test.RedisTest" time="0.005">
    <system-out><![CDATA[键操作测试通过，过期时间: 10 秒
键删除测试通过
]]></system-out>
  </testcase>
  <testcase name="testRedisBasicOperations" classname="com.cloudDemo.test.RedisTest" time="0.012">
    <system-out><![CDATA[基本操作测试通过: Hello Redis!
]]></system-out>
  </testcase>
  <testcase name="testRedisObjectStorage" classname="com.cloudDemo.test.RedisTest" time="0.032">
    <system-out><![CDATA[对象存储测试通过: TestObject{name='张三', age=25, profession='developer'}
]]></system-out>
  </testcase>
  <testcase name="testRedisIncrement" classname="com.cloudDemo.test.RedisTest" time="0.004">
    <system-out><![CDATA[计数器测试通过，最终值: 3
]]></system-out>
  </testcase>
</testsuite>